INFO:     Started server process [21008]
INFO:     Waiting for application startup.
INFO:     Application startup complete.
INFO:     Uvicorn running on http://127.0.0.1:8001 (Press CTRL+C to quit)
Task exception was never retrieved
future: <Task finished name='Task-7' coro=<IocpProactor.accept.<locals>.accept_coro() done, defined at C:\Python314\Lib\asyncio\windows_events.py:564> exception=OSError(22, 'The specified network name is no longer available', None, 64, None)>
Traceback (most recent call last):
  File "C:\Python314\Lib\asyncio\windows_events.py", line 567, in accept_coro
    await future
  File "C:\Python314\Lib\asyncio\windows_events.py", line 804, in _poll
    value = callback(transferred, key, ov)
  File "C:\Python314\Lib\asyncio\windows_events.py", line 556, in finish_accept
    ov.getresult()
    ~~~~~~~~~~~~^^
OSError: [WinError 64] The specified network name is no longer available
Accept failed on a socket
socket: <asyncio.TransportSocket fd=1044, family=2, type=1, proto=6, laddr=('127.0.0.1', 8001)>
Traceback (most recent call last):
  File "C:\Python314\Lib\asyncio\proactor_events.py", line 845, in loop
    conn, addr = f.result()
                 ~~~~~~~~^^
OSError: [WinError 64] The specified network name is no longer available
